2023-09-29 23:07:47	This log contains information about the import schema operation into project 'SpelarBas' on computer 'DESKTOP-H7R36GB' by user 'Axel'.
2023-09-29 23:07:47	Import of database schema has started.
2023-09-29 23:07:51	Gathering database credentials
2023-09-29 23:07:51	Gathering database options
2023-09-29 23:07:51	Gathering generic database scoped configuration option
2023-09-29 23:07:51	Gathering users
2023-09-29 23:07:51	Gathering roles
2023-09-29 23:07:51	Gathering application roles
2023-09-29 23:07:51	Gathering role memberships
2023-09-29 23:07:51	Gathering filegroups
2023-09-29 23:07:51	Gathering full-text catalogs
2023-09-29 23:07:51	Gathering assemblies
2023-09-29 23:07:51	Gathering certificates
2023-09-29 23:07:51	Gathering asymmetric keys
2023-09-29 23:07:51	Gathering symmetric keys
2023-09-29 23:07:51	Gathering encrypted symmetric keys
2023-09-29 23:07:51	Gathering schemas
2023-09-29 23:07:51	Gathering XML schema collections
2023-09-29 23:07:51	Gathering user-defined data types
2023-09-29 23:07:51	Gathering user-defined types
2023-09-29 23:07:51	Gathering table types
2023-09-29 23:07:51	Gathering unique keys for table types
2023-09-29 23:07:51	Gathering primary keys for table types
2023-09-29 23:07:51	Gathering indexes for table types
2023-09-29 23:07:51	Gathering check constraints for table types
2023-09-29 23:07:51	Gathering default constraints for table types
2023-09-29 23:07:51	Gathering partition functions
2023-09-29 23:07:51	Gathering partition schemes
2023-09-29 23:07:51	Gathering functions
2023-09-29 23:07:51	Gathering encrypted functions
2023-09-29 23:07:51	Gathering aggregates
2023-09-29 23:07:51	Gathering procedures
2023-09-29 23:07:51	Gathering encrypted procedures
2023-09-29 23:07:51	Gathering tables
2023-09-29 23:07:51	Gathering primary keys
2023-09-29 23:07:51	Gathering unique constraints
2023-09-29 23:07:51	Gathering foreign keys
2023-09-29 23:07:51	Gathering default constraints
2023-09-29 23:07:51	Gathering check constraints
2023-09-29 23:07:51	Gathering views
2023-09-29 23:07:51	Gathering encrypted views
2023-09-29 23:07:51	Gathering indexes
2023-09-29 23:07:51	Gathering statistics
2023-09-29 23:07:51	Gathering full-text index stoplists
2023-09-29 23:07:51	Gathering search property lists
2023-09-29 23:07:51	Gathering search properties
2023-09-29 23:07:51	Gathering full-text indexes
2023-09-29 23:07:51	Gathering column store indexes
2023-09-29 23:07:51	Gathering spatial indexes
2023-09-29 23:07:51	Gathering XML indexes
2023-09-29 23:07:51	Gathering Selective XML indexes
2023-09-29 23:07:51	Gathering encrypted triggers
2023-09-29 23:07:51	Gathering triggers
2023-09-29 23:07:51	Gathering encrypted and clr ddl triggers
2023-09-29 23:07:51	Gathering ddl triggers
2023-09-29 23:07:51	Creating edge constraints
2023-09-29 23:07:51	Gathering synonyms
2023-09-29 23:07:51	Gathering defaults
2023-09-29 23:07:51	Gathering data constraint uddt bindings
2023-09-29 23:07:51	Gathering rules
2023-09-29 23:07:51	Gathering data constraint uddt bindings
2023-09-29 23:07:51	Gathering message types
2023-09-29 23:07:51	Gathering queues
2023-09-29 23:07:51	Gathering contracts
2023-09-29 23:07:51	Gathering services
2023-09-29 23:07:51	Gathering event notifications
2023-09-29 23:07:51	Gathering remote service bindings
2023-09-29 23:07:51	Gathering broker priorities
2023-09-29 23:07:51	Gathering signatures
2023-09-29 23:07:51	Gathering compression options
2023-09-29 23:07:51	Gathering sequence types
2023-09-29 23:07:51	Gathering security policies
2023-09-29 23:07:51	Gather column encryption keys
2023-09-29 23:07:51	Gathering column master keys
2023-09-29 23:07:51	Gathering external data sources
2023-09-29 23:07:51	Gathering external file formats
2023-09-29 23:07:51	Gathering external tables
2023-09-29 23:07:51	Gathering XML index compression options
2023-09-29 23:07:51	Gathering extended properties
2023-09-29 23:07:51	Gathering assemblies
2023-09-29 23:07:51	Gathering credentials
2023-09-29 23:07:51	Gathering logins
2023-09-29 23:07:51	Gathering server audits
2023-09-29 23:07:52	Scanning project for duplicate elements
2023-09-29 23:07:52	Finished duplicate element processing
2023-09-29 23:07:52	Finished importing database.
2023-09-29 23:07:52	A summary of the import was saved to the following location: C:\Users\Axel\repo\PadelIT\Backend\SpelarBas\Import Schema Logs\SpelarBas_20230929090747.log
2023-09-29 23:07:52	Click Finish to continue...
